Add Pin To Net: Unknown Pin: Pin D?-1
Add Pin To Net: Unknown Pin: Pin D?-2
Add Pin To Net: Unknown Pin: Pin D?-2
Add Pin To Net: Unknown Pin: Pin D?-2
Add Pin To Net: Unknown Pin: Pin R1-1
Add Pin To Net: Unknown Pin: Pin R2-1
Add Pin To Net: Unknown Pin: Pin R3-1
Add Pin To Net: Unknown Pin: Pin R3-2
Add Pin To Net: Unknown Pin: Pin R4-1
Add Pin To Net: Unknown Pin: Pin R4-2
Add Net: Net with name "NetD?_1" already exists
Add Net: Net with name "NetD?_1" already exists
Add Class Member: Failed to add class member : Component D? Diode
Add Class Member: Failed to add class member : Component D? Diode
Add Class Member: Failed to add class member : Component D? Diode
Add Class Member: Failed to add class member : Component D? Diode
Added Member To Class: ClassName=Sheet1 Member=Component Q? NTP2955
Added Member To Class: ClassName=Sheet1 Member=Component Q? BS170
Added Member To Class: ClassName=Sheet1 Member=Component Q? BS170
Add Class Member: Failed to add class member : Component R1 Resistor
Add Class Member: Failed to add class member : Component R2 Resistor
Add Class Member: Failed to add class member : Component R3 Resistor
Add Class Member: Failed to add class member : Component R4 Resistor
