Change Component Designator: OldDesignator=Q? NewDesignator=Q1
Change Component Designator: OldDesignator=Q? NewDesignator=Q2
Change Component Designator: OldDesignator=Q? NewDesignator=Q3
Change Component Designator: OldDesignator=Q? NewDesignator=Q4
Add Pin To Net: Unknown Pin: Pin D1-2
Add Pin To Net: Unknown Pin: Pin D2-1
Add Pin To Net: Unknown Pin: Pin D2-2
Add Pin To Net: Unknown Pin: Pin D3-2
Add Pin To Net: Unknown Pin: Pin R1-1
Add Pin To Net: Unknown Pin: Pin R2-1
Add Pin To Net: Unknown Pin: Pin R3-2
Add Pin To Net: Unknown Pin: Pin R4-2
Change Net Name : Old Net Name=NetD?_1 New Net Name=NetD2_1
Change Net Name : Old Net Name=NetD?_2 New Net Name=NetD1_2
Added Pin To Net: NetName=NetD1_1 Pin=J3-1
Added Pin To Net: NetName=NetD1_1 Pin=Q1-3
Added Pin To Net: NetName=NetD1_1 Pin=Q4-1
Added Net: Name=NetD1_1
Added Pin To Net: NetName=NetD3_1 Pin=J4-1
Added Pin To Net: NetName=NetD3_1 Pin=Q3-1
Added Pin To Net: NetName=NetD3_1 Pin=Q4-3
Added Net: Name=NetD3_1
Added Pin To Net: NetName=NetQ2_1 Pin=Q2-1
Added Net: Name=NetQ2_1
Added Pin To Net: NetName=NetQ3_2 Pin=Q3-2
Added Net: Name=NetQ3_2
Add Class Member: Failed to add class member : Component D1 Diode
Add Class Member: Failed to add class member : Component D2 Diode
Add Class Member: Failed to add class member : Component D3 Diode
Add Class Member: Failed to add class member : Component D4 Diode
Added Member To Class: ClassName=Sheet1 Member=Component Q2 NTP2955
Added Member To Class: ClassName=Sheet1 Member=Component Q3 BS170
Added Member To Class: ClassName=Sheet1 Member=Component Q4 BS170
Add Class Member: Failed to add class member : Component R1 Resistor
Add Class Member: Failed to add class member : Component R2 Resistor
Add Class Member: Failed to add class member : Component R3 Resistor
Add Class Member: Failed to add class member : Component R4 Resistor
